#
# There is insufficient memory for the Java Runtime Environment to continue.
# Native memory allocation (mmap) failed to map 201326592 bytes for Failed to commit area from 0x0000000501200000 to 0x000000050d200000 of length 201326592.
# Possible reasons:
#   The system is out of physical RAM or swap space
#   The process is running with CompressedOops enabled, and the Java Heap may be blocking the growth of the native heap
# Possible solutions:
#   Reduce memory load on the system
#   Increase physical memory or swap space
#   Check if swap backing store is full
#   Decrease Java heap size (-Xmx/-Xms)
#   Decrease number of Java threads
#   Decrease Java thread stack sizes (-Xss)
#   Set larger code cache with -XX:ReservedCodeCacheSize=
# This output file may be truncated or incomplete.
#
#  Out of Memory Error (./src/hotspot/os/windows/os_windows.cpp:3301), pid=16016, tid=11640
#
# JRE version:  (11.0.10) (build )
# Java VM: OpenJDK 64-Bit Server VM (11.0.10+0-b96-7249189, mixed mode, sharing, tiered, compressed oops, g1 gc, windows-amd64)
# No core dump will be written. Minidumps are not enabled by default on client versions of Windows
#

---------------  S U M M A R Y ------------

Command Line: org.jetbrains.git4idea.http.GitAskPassApp Username for 'https://github.com': 

Host: Intel(R) Core(TM) i5-9300H CPU @ 2.40GHz, 8 cores, 11G,  Windows 10 , 64 bit Build 19041 (10.0.19041.1348)
Time: Mon Nov 29 17:32:29 2021 대한민국 표준시 elapsed time: 0.016870 seconds (0d 0h 0m 0s)

---------------  T H R E A D  ---------------

Current thread (0x00000198d4d3a800):  JavaThread "Unknown thread" [_thread_in_vm, id=11640, stack(0x00000007d6e00000,0x00000007d6f00000)]

Stack: [0x00000007d6e00000,0x00000007d6f00000]
Native frames: (J=compiled Java code, j=interpreted, Vv=VM code, C=native code)
V  [jvm.dll+0x5ecfaa]
V  [jvm.dll+0x722bd5]
V  [jvm.dll+0x72412d]
V  [jvm.dll+0x7247e3]
V  [jvm.dll+0x242928]
V  [jvm.dll+0x5ea374]
V  [jvm.dll+0x5df425]
V  [jvm.dll+0x2fdebb]
V  [jvm.dll+0x2fde2a]
V  [jvm.dll+0x2fdd02]
V  [jvm.dll+0x302bf6]
V  [jvm.dll+0x34b2a3]
V  [jvm.dll+0x34b9a6]
V  [jvm.dll+0x34b3a3]
V  [jvm.dll+0x2d8888]
V  [jvm.dll+0x2d9a37]
V  [jvm.dll+0x701737]
V  [jvm.dll+0x702f2c]
V  [jvm.dll+0x3587d9]
V  [jvm.dll+0x6e4fae]
V  [jvm.dll+0x3c0be3]
V  [jvm.dll+0x3c2e91]
C  [jli.dll+0x5373]
C  [ucrtbase.dll+0x21bb2]
C  [KERNEL32.DLL+0x17034]
C  [ntdll.dll+0x52651]


---------------  P R O C E S S  ---------------

Threads class SMR info:
_java_thread_list=0x00000198d4b516f0, length=0, elements={
}

Java Threads: ( => current thread )

Other Threads:
  0x00000198d4d51800 GCTaskThread "GC Thread#0" [stack: 0x00000007d6f00000,0x00000007d7000000] [id=10720]
  0x00000198d4d9a000 ConcurrentGCThread "G1 Main Marker" [stack: 0x00000007d7000000,0x00000007d7100000] [id=11864]
  0x00000198d4d9c000 ConcurrentGCThread "G1 Conc#0" [stack: 0x00000007d7100000,0x00000007d7200000] [id=18688]

[error occurred during error reporting (printing all threads), id 0xc0000005, EXCEPTION_ACCESS_VIOLATION (0xc0000005) at pc=0x00007ffc34289107]

VM state:not at safepoint (not fully initialized)

VM Mutex/Monitor currently owned by a thread:  ([mutex/lock_event])
[0x00000198d4d37d70] Heap_lock - owner thread: 0x00000198d4d3a800

Heap address: 0x0000000501200000, size: 3044 MB, Compressed Oops mode: Non-zero based: 0x0000000501200000
Narrow klass base: 0x0000000000000000, Narrow klass shift: 0

GC Heap History (0 events):
No events

Deoptimization events (0 events):
No events

Classes redefined (0 events):
No events

Internal exceptions (0 events):
No events

Events (1 events):
Event: 0.012 Loaded shared library C:\Program Files\Android\Android Studio\jre\bin\zip.dll


Dynamic libraries:
0x00007ff615730000 - 0x00007ff61573a000 	C:\Program Files\Android\Android Studio\jre\bin\java.exe
0x00007ffc7ebd0000 - 0x00007ffc7edc5000 	C:\WINDOWS\SYSTEM32\ntdll.dll
0x00007ffc7e880000 - 0x00007ffc7e93e000 	C:\WINDOWS\System32\KERNEL32.DLL
0x00007ffc7c7c0000 - 0x00007ffc7ca88000 	C:\WINDOWS\System32\KERNELBASE.dll
0x00007ffc7c5f0000 - 0x00007ffc7c6f0000 	C:\WINDOWS\System32\ucrtbase.dll
0x00007ffc75980000 - 0x00007ffc75999000 	C:\Program Files\Android\Android Studio\jre\bin\jli.dll
0x00007ffc74860000 - 0x00007ffc74877000 	C:\Program Files\Android\Android Studio\jre\bin\VCRUNTIME140.dll
0x00007ffc7d900000 - 0x00007ffc7daa1000 	C:\WINDOWS\System32\USER32.dll
0x00007ffc7c5c0000 - 0x00007ffc7c5e2000 	C:\WINDOWS\System32\win32u.dll
0x00007ffc7cee0000 - 0x00007ffc7cf0b000 	C:\WINDOWS\System32\GDI32.dll
0x00007ffc7c4b0000 - 0x00007ffc7c5bb000 	C:\WINDOWS\System32\gdi32full.dll
0x00007ffc689b0000 - 0x00007ffc68c4a000 	C:\WINDOWS\WinSxS\amd64_microsoft.windows.common-controls_6595b64144ccf1df_6.0.19041.1110_none_60b5254171f9507e\COMCTL32.dll
0x00007ffc7c6f0000 - 0x00007ffc7c78d000 	C:\WINDOWS\System32\msvcp_win.dll
0x00007ffc7ea60000 - 0x00007ffc7eafe000 	C:\WINDOWS\System32\msvcrt.dll
0x00007ffc7e7e0000 - 0x00007ffc7e810000 	C:\WINDOWS\System32\IMM32.DLL
0x00007ffc4e7d0000 - 0x00007ffc4e86d000 	C:\Program Files\Android\Android Studio\jre\bin\msvcp140.dll
0x00007ffc33fa0000 - 0x00007ffc34a6f000 	C:\Program Files\Android\Android Studio\jre\bin\server\jvm.dll
0x00007ffc7d650000 - 0x00007ffc7d6fc000 	C:\WINDOWS\System32\ADVAPI32.dll
0x00007ffc7e100000 - 0x00007ffc7e19b000 	C:\WINDOWS\System32\sechost.dll
0x00007ffc7cdb0000 - 0x00007ffc7ceda000 	C:\WINDOWS\System32\RPCRT4.dll
0x00007ffc7e810000 - 0x00007ffc7e818000 	C:\WINDOWS\System32\PSAPI.DLL
0x00007ffc764e0000 - 0x00007ffc764e9000 	C:\WINDOWS\SYSTEM32\WSOCK32.dll
0x00007ffc5be40000 - 0x00007ffc5be67000 	C:\WINDOWS\SYSTEM32\WINMM.dll
0x00007ffc748e0000 - 0x00007ffc748ea000 	C:\WINDOWS\SYSTEM32\VERSION.dll
0x00007ffc7d700000 - 0x00007ffc7d76b000 	C:\WINDOWS\System32\WS2_32.dll
0x00007ffc7ab70000 - 0x00007ffc7ab82000 	C:\WINDOWS\SYSTEM32\kernel.appcore.dll
0x00007ffc74800000 - 0x00007ffc74811000 	C:\Program Files\Android\Android Studio\jre\bin\verify.dll
0x00007ffc79fa0000 - 0x00007ffc7a184000 	C:\WINDOWS\SYSTEM32\DBGHELP.DLL
0x00007ffc66c40000 - 0x00007ffc66c6c000 	C:\WINDOWS\SYSTEM32\dbgcore.DLL
0x00007ffc7cb40000 - 0x00007ffc7cbc3000 	C:\WINDOWS\System32\bcryptPrimitives.dll
0x00007ffc747d0000 - 0x00007ffc747f9000 	C:\Program Files\Android\Android Studio\jre\bin\java.dll
0x00007ffc76100000 - 0x00007ffc7610b000 	C:\Program Files\Android\Android Studio\jre\bin\jimage.dll
0x00007ffc747b0000 - 0x00007ffc747c8000 	C:\Program Files\Android\Android Studio\jre\bin\zip.dll

dbghelp: loaded successfully - version: 4.0.5 - missing functions: none
symbol engine: initialized successfully - sym options: 0x614 - pdb path: .;C:\Program Files\Android\Android Studio\jre\bin;C:\WINDOWS\SYSTEM32;C:\WINDOWS\WinSxS\amd64_microsoft.windows.common-controls_6595b64144ccf1df_6.0.19041.1110_none_60b5254171f9507e;C:\Program Files\Android\Android Studio\jre\bin\server

VM Arguments:
java_command: org.jetbrains.git4idea.http.GitAskPassApp Username for 'https://github.com': 
java_class_path (initial): C:/Program Files/Android/Android Studio/plugins/git4idea/lib/git4idea-rt.jar;C:/Program Files/Android/Android Studio/lib/xmlrpc-2.0.1.jar;C:/Program Files/Android/Android Studio/lib/commons-codec-1.14.jar
Launcher Type: SUN_STANDARD

[Global flags]
     intx CICompilerCount                          = 4                                         {product} {ergonomic}
     uint ConcGCThreads                            = 2                                         {product} {ergonomic}
     uint G1ConcRefinementThreads                  = 8                                         {product} {ergonomic}
   size_t G1HeapRegionSize                         = 1048576                                   {product} {ergonomic}
    uintx GCDrainStackTargetSize                   = 64                                        {product} {ergonomic}
   size_t InitialHeapSize                          = 201326592                                 {product} {ergonomic}
   size_t MarkStackSize                            = 4194304                                   {product} {ergonomic}
   size_t MaxHeapSize                              = 3191865344                                {product} {ergonomic}
   size_t MinHeapDeltaBytes                        = 1048576                                   {product} {ergonomic}
    uintx NonNMethodCodeHeapSize                   = 5836300                                {pd product} {ergonomic}
    uintx NonProfiledCodeHeapSize                  = 122910970                              {pd product} {ergonomic}
    uintx ProfiledCodeHeapSize                     = 122910970                              {pd product} {ergonomic}
    uintx ReservedCodeCacheSize                    = 251658240                              {pd product} {ergonomic}
     bool SegmentedCodeCache                       = true                                      {product} {ergonomic}
     bool UseCompressedClassPointers               = true                                 {lp64_product} {ergonomic}
     bool UseCompressedOops                        = true                                 {lp64_product} {ergonomic}
     bool UseG1GC                                  = true                                      {product} {ergonomic}
     bool UseLargePagesIndividualAllocation        = false                                  {pd product} {ergonomic}

Logging:
Log output configuration:
 #0: stdout all=warning uptime,level,tags
 #1: stderr all=off uptime,level,tags

Environment Variables:
JAVA_HOME=C:\Program Files\Java\jdk-15.0.1
CLASSPATH=%classpath%;
PATH=C:\Program Files\Git\mingw64\libexec\git-core;C:\Program Files\Git\mingw64\libexec\git-core;C:\Program Files\Git\mingw64\bin;C:\Program Files\Git\usr\bin;C:\Users\skawk\bin;C:\Program Files\Common Files\Oracle\Java\javapath;C:\Program Files (x86)\Common Files\Oracle\Java\javapath;C:\Program Files\AdoptOpenJDK\jdk-11.0.9.11-hotspot\bin;C:\WINDOWS\system32;C:\WINDOWS;C:\WINDOWS\System32\Wbem;C:\WINDOWS\System32\WindowsPowerShell\v1.0;C:\WINDOWS\System32\OpenSSH;C:\Program Files\NVIDIA Corporation\NVIDIA NvDLISR;C:\Program Files\Git\cmd;C:\Users\skawk\AppData\Local\Microsoft\WindowsApps;C:\Program Files\Bandizip;C:\Program Files\Java\jdk-15.0.1\bin;C:\Users\skawk\AppData\Local\Programs\Microsoft VS Code\bin
USERNAME=skawk
DISPLAY=:0.0
LC_ALL=en_US.UTF-8
OS=Windows_NT
PROCESSOR_IDENTIFIER=Intel64 Family 6 Model 158 Stepping 10, GenuineIntel



---------------  S Y S T E M  ---------------

OS: Windows 10 , 64 bit Build 19041 (10.0.19041.1348)
OS uptime: 5 days 6:00 hours

CPU:total 8 (initial active 8) (4 cores per cpu, 2 threads per core) family 6 model 158 stepping 10 microcode 0xde, cmov, cx8, fxsr, mmx, sse, sse2, sse3, ssse3, sse4.1, sse4.2, popcnt, avx, avx2, aes, clmul, erms, 3dnowpref, lzcnt, ht, tsc, tscinvbit, bmi1, bmi2, adx, fma

Memory: 4k page, system-wide physical 12168M (1801M free)
TotalPageFile size 12168M (AvailPageFile size 79M)
current process WorkingSet (physical memory assigned to process): 10M, peak: 10M
current process commit charge ("private bytes"): 60M, peak: 252M

vm_info: OpenJDK 64-Bit Server VM (11.0.10+0-b96-7249189) for windows-amd64 JRE (11.0.10+0-b96-7249189), built on Mar 31 2021 21:44:00 by "builder" with MS VC++ 14.0 (VS2015)

END.
